[Wed Mar 11 10:24:43 2026] PHP 8.3.6 Development Server (http://localhost:8000) started
[Wed Mar 11 10:24:46 2026] [::1]:32812 Accepted
[Wed Mar 11 10:24:46 2026] [::1]:32812 [200]: GET /
[Wed Mar 11 10:24:46 2026] [::1]:32812 Closing
[Wed Mar 11 10:24:46 2026] [::1]:32814 Accepted
[Wed Mar 11 10:24:46 2026] [::1]:32830 Accepted
[Wed Mar 11 10:24:46 2026] [::1]:32842 Accepted
[Wed Mar 11 10:24:46 2026] [::1]:32844 Accepted
[Wed Mar 11 10:24:46 2026] [::1]:32846 Accepted
[Wed Mar 11 10:24:46 2026] [::1]:32856 Accepted
[Wed Mar 11 10:24:46 2026] [::1]:32814 [200]: GET /assets/css/editor.css?v=1773220776
[Wed Mar 11 10:24:46 2026] [::1]:32814 Closing
[Wed Mar 11 10:24:46 2026] [::1]:32830 [200]: GET /assets/fonts/estedad/Estedad-FD-Regular.woff2?v=1773220776
[Wed Mar 11 10:24:46 2026] [::1]:32830 Closing
[Wed Mar 11 10:24:46 2026] [::1]:32842 [200]: GET /assets/fonts/estedad/Estedad-FD-Bold.woff2?v=1773220776
[Wed Mar 11 10:24:46 2026] [::1]:32842 Closing
[Wed Mar 11 10:24:46 2026] [::1]:32844 [200]: GET /assets/js/editor.js?v=1773220776
[Wed Mar 11 10:24:46 2026] [::1]:32844 Closing
[Wed Mar 11 10:24:46 2026] [::1]:32846 [200]: GET /assets/js/sticky-vanilla.js?v=1773220776
[Wed Mar 11 10:24:46 2026] [::1]:32846 Closing
[Wed Mar 11 10:24:46 2026] [::1]:32856 [200]: GET /assets/images/logo-larg.svg?v=1773220776
[Wed Mar 11 10:24:46 2026] [::1]:32856 Closing
[Wed Mar 11 10:24:46 2026] [::1]:32860 Accepted
[Wed Mar 11 10:24:46 2026] [::1]:32860 [200]: GET /assets/js/vendor/lucide.js?v=1773220776
[Wed Mar 11 10:24:46 2026] [::1]:32860 Closing
[Wed Mar 11 10:24:46 2026] [::1]:32868 Accepted
[Wed Mar 11 10:24:46 2026] [::1]:32868 [200]: GET /assets/js/charts.js?v=1773220776
[Wed Mar 11 10:24:46 2026] [::1]:32868 Closing
[Wed Mar 11 10:24:46 2026] [::1]:32878 Accepted
[Wed Mar 11 10:24:46 2026] [::1]:32882 Accepted
[Wed Mar 11 10:24:46 2026] [::1]:32894 Accepted
[Wed Mar 11 10:24:46 2026] [::1]:32898 Accepted
[Wed Mar 11 10:24:46 2026] [::1]:32900 Accepted
[Wed Mar 11 10:24:46 2026] [::1]:32878 [200]: GET /assets/js/app.js?v=1773220776
[Wed Mar 11 10:24:46 2026] [::1]:32882 [200]: GET /assets/js/notifications.js?v=1773220776
[Wed Mar 11 10:24:46 2026] [::1]:32894 [200]: GET /assets/js/push-notifications.js?v=1773221419
[Wed Mar 11 10:24:46 2026] [::1]:32878 Closing
[Wed Mar 11 10:24:46 2026] [::1]:32882 Closing
[Wed Mar 11 10:24:46 2026] [::1]:32894 Closing
[Wed Mar 11 10:24:46 2026] [::1]:32898 [200]: GET /assets/images/logo.svg?v=1773220776
[Wed Mar 11 10:24:46 2026] [::1]:32900 [200]: GET /assets/images/gold/gold.webp?v=1773220776
[Wed Mar 11 10:24:46 2026] [::1]:32898 Closing
[Wed Mar 11 10:24:46 2026] [::1]:32900 Closing
[Wed Mar 11 10:24:46 2026] [::1]:32912 Accepted
[Wed Mar 11 10:24:46 2026] [::1]:32924 Accepted
[Wed Mar 11 10:24:46 2026] [::1]:32912 [200]: GET /assets/images/platforms/gerami.webp?v=1773220776
[Wed Mar 11 10:24:46 2026] [::1]:32924 [200]: GET /assets/images/platforms/milli.webp?v=1773220776
[Wed Mar 11 10:24:46 2026] [::1]:32912 Closing
[Wed Mar 11 10:24:46 2026] [::1]:32924 Closing
[Wed Mar 11 10:24:46 2026] [::1]:32930 Accepted
[Wed Mar 11 10:24:46 2026] [::1]:32930 [200]: GET /assets/fonts/estedad/Estedad-FD-SemiBold.woff2?v=1773220776
[Wed Mar 11 10:24:46 2026] [::1]:32930 Closing
[Wed Mar 11 10:24:46 2026] [::1]:32934 Accepted
[Wed Mar 11 10:24:46 2026] PHP Fatal error:  Uncaught PDOException: SQLSTATE[HY000]: General error: 1 no such table: prices_history in /app/site/api/prices.php:17
Stack trace:
#0 /app/site/api/prices.php(17): PDO->prepare()
#1 {main}
  thrown in /app/site/api/prices.php on line 17
[Wed Mar 11 10:24:46 2026] [::1]:32934 [500]: GET /api/prices.php?symbol=null - Uncaught PDOException: SQLSTATE[HY000]: General error: 1 no such table: prices_history in /app/site/api/prices.php:17
Stack trace:
#0 /app/site/api/prices.php(17): PDO->prepare()
#1 {main}
  thrown in /app/site/api/prices.php on line 17
[Wed Mar 11 10:24:46 2026] [::1]:32934 Closing
[Wed Mar 11 10:24:46 2026] [::1]:32940 Accepted
[Wed Mar 11 10:24:46 2026] [::1]:32940 [200]: GET /sw.js
[Wed Mar 11 10:24:46 2026] [::1]:32940 Closing
[Wed Mar 11 10:24:46 2026] [::1]:32954 Accepted
[Wed Mar 11 10:24:46 2026] [::1]:32966 Accepted
[Wed Mar 11 10:24:46 2026] [::1]:32974 Accepted
[Wed Mar 11 10:24:46 2026] PHP Warning:  session_start(): Session cannot be started after headers have already been sent in /app/includes/helpers.php on line 254
[Wed Mar 11 10:24:46 2026] [::1]:32954 [200]: GET /offline.php
[Wed Mar 11 10:24:46 2026] [::1]:32954 Closing
[Wed Mar 11 10:24:46 2026] [::1]:32966 [200]: GET /
[Wed Mar 11 10:24:46 2026] [::1]:32966 Closing
[Wed Mar 11 10:24:46 2026] [::1]:32974 [200]: GET /assets/css/style.css
[Wed Mar 11 10:24:46 2026] [::1]:32976 Accepted
[Wed Mar 11 10:24:46 2026] [::1]:32974 Closing
[Wed Mar 11 10:24:46 2026] [::1]:32976 [200]: GET /assets/js/app.js
[Wed Mar 11 10:24:46 2026] [::1]:32976 Closing
[Wed Mar 11 10:24:46 2026] [::1]:32986 Accepted
[Wed Mar 11 10:24:46 2026] [::1]:32996 Accepted
[Wed Mar 11 10:24:46 2026] [::1]:33006 Accepted
[Wed Mar 11 10:24:46 2026] [::1]:32986 [200]: GET /assets/images/logo.png
[Wed Mar 11 10:24:46 2026] [::1]:32996 [200]: GET /assets/images/logo.svg
[Wed Mar 11 10:24:46 2026] [::1]:33006 [200]: GET /assets/images/favicon/favicon-32x32.png
[Wed Mar 11 10:24:46 2026] [::1]:32986 Closing
[Wed Mar 11 10:24:46 2026] [::1]:32996 Closing
[Wed Mar 11 10:24:46 2026] [::1]:33006 Closing
[Wed Mar 11 10:24:46 2026] [::1]:33014 Accepted
[Wed Mar 11 10:24:46 2026] [::1]:33014 [200]: GET /assets/images/favicon/android-icon-192x192.png
[Wed Mar 11 10:24:46 2026] [::1]:33014 Closing
